2021-08-10 16:40:13,871 CRIT Supervisor is running as root.  Privileges were not dropped because no user is specified in the config file.  If you intend to run as root, you can set user=root in the config file to avoid this message.
2021-08-10 16:40:13,877 INFO supervisord started with pid 8
2021-08-10 16:40:14,881 INFO spawnerr: can't find command '/usr/local/bin/run'
2021-08-10 16:40:15,886 INFO spawnerr: can't find command '/usr/local/bin/run'
2021-08-10 16:40:17,893 INFO spawnerr: can't find command '/usr/local/bin/run'
2021-08-10 16:40:20,904 INFO spawnerr: can't find command '/usr/local/bin/run'
2021-08-10 16:40:20,907 INFO gave up: apache2 entered FATAL state, too many start retries too quickly
2021-08-10 16:55:03,392 CRIT Supervisor is running as root.  Privileges were not dropped because no user is specified in the config file.  If you intend to run as root, you can set user=root in the config file to avoid this message.
2021-08-10 16:55:03,399 INFO supervisord started with pid 8
2021-08-10 16:55:04,407 INFO spawned: 'apache2' with pid 11
2021-08-10 16:55:04,463 INFO exited: apache2 (exit status 1; not expected)
2021-08-10 16:55:05,473 INFO spawned: 'apache2' with pid 19
2021-08-10 16:55:05,523 INFO exited: apache2 (exit status 1; not expected)
2021-08-10 16:55:07,530 INFO spawned: 'apache2' with pid 27
2021-08-10 16:55:07,574 INFO exited: apache2 (exit status 1; not expected)
2021-08-10 16:55:10,587 INFO spawned: 'apache2' with pid 35
2021-08-10 16:55:10,632 INFO exited: apache2 (exit status 1; not expected)
2021-08-10 16:55:11,636 INFO gave up: apache2 entered FATAL state, too many start retries too quickly
2021-08-10 17:14:19,870 CRIT Supervisor is running as root.  Privileges were not dropped because no user is specified in the config file.  If you intend to run as root, you can set user=root in the config file to avoid this message.
2021-08-10 17:14:19,879 INFO supervisord started with pid 9
2021-08-10 17:14:20,891 INFO spawned: 'apache2' with pid 12
2021-08-10 17:14:20,999 INFO exited: apache2 (exit status 1; not expected)
2021-08-10 17:14:22,006 INFO spawned: 'apache2' with pid 20
2021-08-10 17:14:22,071 INFO exited: apache2 (exit status 1; not expected)
2021-08-10 17:14:24,084 INFO spawned: 'apache2' with pid 28
2021-08-10 17:14:24,149 INFO exited: apache2 (exit status 1; not expected)
2021-08-10 17:14:28,130 INFO spawned: 'apache2' with pid 36
2021-08-10 17:14:28,193 INFO exited: apache2 (exit status 1; not expected)
2021-08-10 17:14:29,197 INFO gave up: apache2 entered FATAL state, too many start retries too quickly
2021-08-10 17:21:54,689 CRIT Supervisor is running as root.  Privileges were not dropped because no user is specified in the config file.  If you intend to run as root, you can set user=root in the config file to avoid this message.
2021-08-10 17:21:54,695 INFO supervisord started with pid 9
2021-08-10 17:21:55,675 INFO spawned: 'apache2' with pid 12
2021-08-10 17:21:56,829 INFO success: apache2 entered RUNNING state, process has stayed up for > than 1 seconds (startsecs)
2021-08-10 17:50:10,415 CRIT Supervisor is running as root.  Privileges were not dropped because no user is specified in the config file.  If you intend to run as root, you can set user=root in the config file to avoid this message.
2021-08-10 17:50:10,422 INFO supervisord started with pid 9
2021-08-10 17:50:11,430 INFO spawned: 'apache2' with pid 12
2021-08-10 17:50:12,543 INFO success: apache2 entered RUNNING state, process has stayed up for > than 1 seconds (startsecs)
2021-08-11 06:04:17,309 CRIT Supervisor is running as root.  Privileges were not dropped because no user is specified in the config file.  If you intend to run as root, you can set user=root in the config file to avoid this message.
2021-08-11 06:04:17,315 INFO supervisord started with pid 8
2021-08-11 06:04:18,324 INFO spawned: 'apache2' with pid 11
2021-08-11 06:04:19,410 INFO success: apache2 entered RUNNING state, process has stayed up for > than 1 seconds (startsecs)
2021-08-11 06:06:16,162 CRIT Supervisor is running as root.  Privileges were not dropped because no user is specified in the config file.  If you intend to run as root, you can set user=root in the config file to avoid this message.
2021-08-11 06:06:16,167 INFO supervisord started with pid 8
2021-08-11 06:06:17,177 INFO spawned: 'apache2' with pid 11
2021-08-11 06:06:18,282 INFO success: apache2 entered RUNNING state, process has stayed up for > than 1 seconds (startsecs)
2021-08-11 06:07:36,566 CRIT Supervisor is running as root.  Privileges were not dropped because no user is specified in the config file.  If you intend to run as root, you can set user=root in the config file to avoid this message.
2021-08-11 06:07:36,578 INFO supervisord started with pid 7
2021-08-11 06:07:37,583 INFO spawned: 'apache2' with pid 18
2021-08-11 06:07:38,672 INFO success: apache2 entered RUNNING state, process has stayed up for > than 1 seconds (startsecs)
2021-08-11 06:19:27,772 CRIT Supervisor is running as root.  Privileges were not dropped because no user is specified in the config file.  If you intend to run as root, you can set user=root in the config file to avoid this message.
2021-08-11 06:19:27,778 INFO supervisord started with pid 9
2021-08-11 06:19:28,789 INFO spawned: 'apache2' with pid 12
2021-08-11 06:19:29,878 INFO success: apache2 entered RUNNING state, process has stayed up for > than 1 seconds (startsecs)
2021-08-11 07:11:15,260 CRIT Supervisor is running as root.  Privileges were not dropped because no user is specified in the config file.  If you intend to run as root, you can set user=root in the config file to avoid this message.
2021-08-11 07:11:15,269 INFO supervisord started with pid 7
2021-08-11 07:11:16,280 INFO spawned: 'apache2' with pid 10
2021-08-11 07:11:17,416 INFO success: apache2 entered RUNNING state, process has stayed up for > than 1 seconds (startsecs)
2021-08-11 07:16:30,921 CRIT Supervisor is running as root.  Privileges were not dropped because no user is specified in the config file.  If you intend to run as root, you can set user=root in the config file to avoid this message.
2021-08-11 07:16:30,927 INFO supervisord started with pid 8
2021-08-11 07:16:31,938 INFO spawned: 'apache2' with pid 11
2021-08-11 07:16:33,068 INFO success: apache2 entered RUNNING state, process has stayed up for > than 1 seconds (startsecs)
2021-08-11 07:17:35,576 INFO exited: apache2 (exit status 0; expected)
2021-08-11 07:17:36,547 INFO spawned: 'apache2' with pid 62
2021-08-11 07:17:37,633 INFO success: apache2 entered RUNNING state, process has stayed up for > than 1 seconds (startsecs)
2021-08-11 07:19:49,096 CRIT Supervisor is running as root.  Privileges were not dropped because no user is specified in the config file.  If you intend to run as root, you can set user=root in the config file to avoid this message.
2021-08-11 07:19:49,103 INFO supervisord started with pid 7
2021-08-11 07:19:50,110 INFO spawned: 'apache2' with pid 10
2021-08-11 07:19:51,264 INFO success: apache2 entered RUNNING state, process has stayed up for > than 1 seconds (startsecs)
2021-08-11 07:20:52,473 CRIT Supervisor is running as root.  Privileges were not dropped because no user is specified in the config file.  If you intend to run as root, you can set user=root in the config file to avoid this message.
2021-08-11 07:20:52,483 INFO supervisord started with pid 8
2021-08-11 07:20:53,491 INFO spawned: 'apache2' with pid 11
2021-08-11 07:20:54,637 INFO success: apache2 entered RUNNING state, process has stayed up for > than 1 seconds (startsecs)
2021-08-11 08:36:12,049 CRIT Supervisor is running as root.  Privileges were not dropped because no user is specified in the config file.  If you intend to run as root, you can set user=root in the config file to avoid this message.
2021-08-11 08:36:12,062 INFO supervisord started with pid 8
2021-08-11 08:36:13,067 INFO spawned: 'apache2' with pid 18
2021-08-11 08:36:14,155 INFO success: apache2 entered RUNNING state, process has stayed up for > than 1 seconds (startsecs)
2021-08-11 08:49:50,405 WARN received SIGTERM indicating exit request
2021-08-11 08:49:50,429 INFO waiting for apache2 to die
2021-08-11 10:42:46,079 CRIT Supervisor is running as root.  Privileges were not dropped because no user is specified in the config file.  If you intend to run as root, you can set user=root in the config file to avoid this message.
2021-08-11 10:42:46,084 INFO supervisord started with pid 8
2021-08-11 10:42:47,095 INFO spawned: 'apache2' with pid 11
2021-08-11 10:42:48,355 INFO success: apache2 entered RUNNING state, process has stayed up for > than 1 seconds (startsecs)
2021-08-11 11:51:06,527 CRIT Supervisor is running as root.  Privileges were not dropped because no user is specified in the config file.  If you intend to run as root, you can set user=root in the config file to avoid this message.
2021-08-11 11:51:06,533 INFO supervisord started with pid 7
2021-08-11 11:51:07,545 INFO spawned: 'apache2' with pid 10
2021-08-11 11:51:08,687 INFO success: apache2 entered RUNNING state, process has stayed up for > than 1 seconds (startsecs)
2021-08-11 11:52:58,137 CRIT Supervisor is running as root.  Privileges were not dropped because no user is specified in the config file.  If you intend to run as root, you can set user=root in the config file to avoid this message.
2021-08-11 11:52:58,145 INFO supervisord started with pid 8
2021-08-11 11:52:59,149 INFO spawned: 'apache2' with pid 11
2021-08-11 11:53:00,262 INFO success: apache2 entered RUNNING state, process has stayed up for > than 1 seconds (startsecs)
2021-08-12 12:17:17,949 CRIT Supervisor is running as root.  Privileges were not dropped because no user is specified in the config file.  If you intend to run as root, you can set user=root in the config file to avoid this message.
2021-08-12 12:17:17,956 INFO supervisord started with pid 8
2021-08-12 12:17:18,964 INFO spawned: 'apache2' with pid 11
2021-08-12 12:17:20,270 INFO success: apache2 entered RUNNING state, process has stayed up for > than 1 seconds (startsecs)
